Added Component: Designator=C1(ZHB_0603)
Added Component: Designator=C2(ZHB_0603)
Added Component: Designator=C3(ZHB_1210)
Added Component: Designator=C4(ZHB_0603)
Added Component: Designator=C5(C0805)
Added Component: Designator=P1('CON_3)
Added Component: Designator=P2(PRO_5PIN)
Added Component: Designator=P3('CON_3)
Added Component: Designator=P4('CON_3)
Added Component: Designator=P5(ZHB_125T)
Added Component: Designator=Q1(ZHB_NCE4606)
Added Component: Designator=Q2(ZHB_DTC114WUA)
Added Component: Designator=Q3(ZHB_NCE4606)
Added Component: Designator=Q4(ZHB_DTC114WUA)
Added Component: Designator=Q5(ZHB_NCE4606)
Added Component: Designator=Q6(ZHB_DTC114WUA)
Added Component: Designator=R1(ZHB_0603)
Added Component: Designator=R2(ZHB_0603)
Added Component: Designator=R3(ZHB_0603)
Added Component: Designator=R4(ZHB_0603)
Added Component: Designator=R5(ZHB_0603)
Added Component: Designator=R6(ZHB_0603)
Added Component: Designator=R7(ZHB_0603)
Added Component: Designator=R8(ZHB_0603)
Added Component: Designator=R9(ZHB_0603)
Added Component: Designator=R10(ZHB_0603)
Added Component: Designator=TP1(Check_point)
Added Component: Designator=U1(ZHB_EFM8B10F8G)
Added Component: Designator=U2(ZHB_ME6208)
Added Pin To Net: NetName=+3V3 Pin=C4-2
Added Pin To Net: NetName=+3V3 Pin=C5-2
Added Pin To Net: NetName=+3V3 Pin=P2-2
Added Pin To Net: NetName=+3V3 Pin=P3-1
Added Pin To Net: NetName=+3V3 Pin=P5-5
Added Pin To Net: NetName=+3V3 Pin=U1-4
Added Pin To Net: NetName=+3V3 Pin=U2-2
Added Net: Name=+3V3
Added Pin To Net: NetName=+VBAT Pin=C3-2
Added Pin To Net: NetName=+VBAT Pin=P1-2
Added Pin To Net: NetName=+VBAT Pin=P2-1
Added Pin To Net: NetName=+VBAT Pin=Q1-3
Added Pin To Net: NetName=+VBAT Pin=Q3-3
Added Pin To Net: NetName=+VBAT Pin=Q5-3
Added Pin To Net: NetName=+VBAT Pin=R4-1
Added Pin To Net: NetName=+VBAT Pin=R5-1
Added Pin To Net: NetName=+VBAT Pin=R8-1
Added Pin To Net: NetName=+VBAT Pin=R10-1
Added Pin To Net: NetName=+VBAT Pin=U2-3
Added Net: Name=+VBAT
Added Pin To Net: NetName=AH Pin=Q2-1
Added Pin To Net: NetName=AH Pin=U1-13
Added Net: Name=AH
Added Pin To Net: NetName=AL Pin=Q1-2
Added Pin To Net: NetName=AL Pin=R2-2
Added Pin To Net: NetName=AL Pin=U1-14
Added Net: Name=AL
Added Pin To Net: NetName=BH Pin=Q4-1
Added Pin To Net: NetName=BH Pin=U1-10
Added Net: Name=BH
Added Pin To Net: NetName=BL Pin=Q3-2
Added Pin To Net: NetName=BL Pin=R7-2
Added Pin To Net: NetName=BL Pin=U1-11
Added Net: Name=BL
Added Pin To Net: NetName=CH Pin=Q6-1
Added Pin To Net: NetName=CH Pin=U1-8
Added Net: Name=CH
Added Pin To Net: NetName=CL Pin=Q5-2
Added Pin To Net: NetName=CL Pin=R9-2
Added Pin To Net: NetName=CL Pin=U1-9
Added Net: Name=CL
Added Pin To Net: NetName=GND Pin=C1-1
Added Pin To Net: NetName=GND Pin=C2-1
Added Pin To Net: NetName=GND Pin=C3-1
Added Pin To Net: NetName=GND Pin=C4-1
Added Pin To Net: NetName=GND Pin=C5-1
Added Pin To Net: NetName=GND Pin=P1-3
Added Pin To Net: NetName=GND Pin=P2-5
Added Pin To Net: NetName=GND Pin=P3-3
Added Pin To Net: NetName=GND Pin=P5-4
Added Pin To Net: NetName=GND Pin=Q1-1
Added Pin To Net: NetName=GND Pin=Q2-2
Added Pin To Net: NetName=GND Pin=Q3-1
Added Pin To Net: NetName=GND Pin=Q4-2
Added Pin To Net: NetName=GND Pin=Q5-1
Added Pin To Net: NetName=GND Pin=Q6-2
Added Pin To Net: NetName=GND Pin=R2-1
Added Pin To Net: NetName=GND Pin=R6-2
Added Pin To Net: NetName=GND Pin=R7-1
Added Pin To Net: NetName=GND Pin=R9-1
Added Pin To Net: NetName=GND Pin=U1-0
Added Pin To Net: NetName=GND Pin=U1-0
Added Pin To Net: NetName=GND Pin=U1-0
Added Pin To Net: NetName=GND Pin=U1-0
Added Pin To Net: NetName=GND Pin=U1-3
Added Pin To Net: NetName=GND Pin=U1-12
Added Pin To Net: NetName=GND Pin=U2-1
Added Net: Name=GND
Added Pin To Net: NetName=HA Pin=P5-1
Added Pin To Net: NetName=HA Pin=U1-2
Added Net: Name=HA
Added Pin To Net: NetName=HB Pin=P5-2
Added Pin To Net: NetName=HB Pin=U1-1
Added Net: Name=HB
Added Pin To Net: NetName=HC Pin=P5-3
Added Pin To Net: NetName=HC Pin=U1-20
Added Net: Name=HC
Added Pin To Net: NetName=NetP1_1 Pin=P1-1
Added Pin To Net: NetName=NetP1_1 Pin=R3-1
Added Net: Name=NetP1_1
Added Pin To Net: NetName=NetP2_3 Pin=P2-3
Added Pin To Net: NetName=NetP2_3 Pin=U1-5
Added Net: Name=NetP2_3
Added Pin To Net: NetName=NetP2_4 Pin=P2-4
Added Pin To Net: NetName=NetP2_4 Pin=U1-6
Added Net: Name=NetP2_4
Added Pin To Net: NetName=NetQ1_4 Pin=Q1-4
Added Pin To Net: NetName=NetQ1_4 Pin=Q2-3
Added Pin To Net: NetName=NetQ1_4 Pin=R4-2
Added Net: Name=NetQ1_4
Added Pin To Net: NetName=NetQ3_4 Pin=Q3-4
Added Pin To Net: NetName=NetQ3_4 Pin=Q4-3
Added Pin To Net: NetName=NetQ3_4 Pin=R8-2
Added Net: Name=NetQ3_4
Added Pin To Net: NetName=NetQ5_4 Pin=Q5-4
Added Pin To Net: NetName=NetQ5_4 Pin=Q6-3
Added Pin To Net: NetName=NetQ5_4 Pin=R10-2
Added Net: Name=NetQ5_4
Added Pin To Net: NetName=NetR1_1 Pin=R1-1
Added Pin To Net: NetName=NetR1_1 Pin=R3-2
Added Pin To Net: NetName=NetR1_1 Pin=U1-18
Added Net: Name=NetR1_1
Added Pin To Net: NetName=NetR1_2 Pin=R1-2
Added Pin To Net: NetName=NetR1_2 Pin=U1-17
Added Net: Name=NetR1_2
Added Pin To Net: NetName=NetTP1_1 Pin=U1-19
Added Net: Name=NetTP1_1
Added Pin To Net: NetName=PH_A Pin=P4-1
Added Pin To Net: NetName=PH_A Pin=Q1-5
Added Pin To Net: NetName=PH_A Pin=Q1-6
Added Pin To Net: NetName=PH_A Pin=Q1-7
Added Pin To Net: NetName=PH_A Pin=Q1-8
Added Net: Name=PH_A
Added Pin To Net: NetName=PH_B Pin=P4-2
Added Pin To Net: NetName=PH_B Pin=Q3-5
Added Pin To Net: NetName=PH_B Pin=Q3-6
Added Pin To Net: NetName=PH_B Pin=Q3-7
Added Pin To Net: NetName=PH_B Pin=Q3-8
Added Net: Name=PH_B
Added Pin To Net: NetName=PH_C Pin=P4-3
Added Pin To Net: NetName=PH_C Pin=Q5-5
Added Pin To Net: NetName=PH_C Pin=Q5-6
Added Pin To Net: NetName=PH_C Pin=Q5-7
Added Pin To Net: NetName=PH_C Pin=Q5-8
Added Net: Name=PH_C
Added Pin To Net: NetName=VBAT Pin=C1-2
Added Pin To Net: NetName=VBAT Pin=R5-2
Added Pin To Net: NetName=VBAT Pin=R6-1
Added Pin To Net: NetName=VBAT Pin=U1-16
Added Net: Name=VBAT
Added Pin To Net: NetName=VPOT Pin=C2-2
Added Pin To Net: NetName=VPOT Pin=P3-2
Added Pin To Net: NetName=VPOT Pin=U1-7
Added Net: Name=VPOT
Added Class: Name=BLDC_SERVO
Added Room: Name=BLDC_SERVO
